<?xml version="1.0" encoding="UTF-8"?>
<testsuite name="ru.stqa.pft.addressbook.tests.ContactCreationTests" tests="1" skipped="0" failures="1" errors="0" timestamp="2021-08-09T18:30:51" hostname="N-MSK-RUADMK3" time="631.337">
  <properties/>
  <testcase name="pageAddNewContact" classname="ru.stqa.pft.addressbook.tests.ContactCreationTests" time="631.337">
    <failure message="java.lang.AssertionError: &#13;&#10;Expected: &lt;[ContactData{id=159, firstName='Boris`', lastName='Tramp`', homePhone='null', mobilePhone='null', workPhone='null'}, ContactData{id=154, firstName='One', lastName='Mackaley', homePhone='null', mobilePhone='null', workPhone='null'}, ContactData{id=152, firstName='Boris', lastName='Tramp', homePhone='null', mobilePhone='null', workPhone='null'}, ContactData{id=156, firstName='Boris', lastName='Tramp', homePhone='null', mobilePhone='null', workPhone='null'}, ContactData{id=155, firstName='Boris`', lastName='Tramp`', homePhone='null', mobilePhone='null', workPhone='null'}, ContactData{id=153, firstName='Boris', lastName='Tramp`', homePhone='null', mobilePhone='null', workPhone='null'}, ContactData{id=158, firstName='Boris`', lastName='Tramp`', homePhone='null', mobilePhone='null', workPhone='null'}, ContactData{id=160, firstName='Tramp', lastName='Boris', homePhone='null', mobilePhone='null', workPhone='null'}, ContactData{id=157, firstName='Boris', lastName='Tramp', homePhone='null', mobilePhone='null', workPhone='null'}]&gt;&#13;&#10;     but: was &lt;[ContactData{id=159, firstName='Boris`', lastName='Tramp`', homePhone='null', mobilePhone='null', workPhone='null'}, ContactData{id=154, firstName='One', lastName='Mackaley', homePhone='null', mobilePhone='null', workPhone='null'}, ContactData{id=160, firstName='Boris', lastName='Tramp', homePhone='null', mobilePhone='null', workPhone='null'}, ContactData{id=152, firstName='Boris', lastName='Tramp', homePhone='null', mobilePhone='null', workPhone='null'}, ContactData{id=156, firstName='Boris', lastName='Tramp', homePhone='null', mobilePhone='null', workPhone='null'}, ContactData{id=155, firstName='Boris`', lastName='Tramp`', homePhone='null', mobilePhone='null', workPhone='null'}, ContactData{id=153, firstName='Boris', lastName='Tramp`', homePhone='null', mobilePhone='null', workPhone='null'}, ContactData{id=158, firstName='Boris`', lastName='Tramp`', homePhone='null', mobilePhone='null', workPhone='null'}, ContactData{id=157, firstName='Boris', lastName='Tramp', homePhone='null', mobilePhone='null', workPhone='null'}]&gt;" type="java.lang.AssertionError">java.lang.AssertionError: 
Expected: &lt;[ContactData{id=159, firstName='Boris`', lastName='Tramp`', homePhone='null', mobilePhone='null', workPhone='null'}, ContactData{id=154, firstName='One', lastName='Mackaley', homePhone='null', mobilePhone='null', workPhone='null'}, ContactData{id=152, firstName='Boris', lastName='Tramp', homePhone='null', mobilePhone='null', workPhone='null'}, ContactData{id=156, firstName='Boris', lastName='Tramp', homePhone='null', mobilePhone='null', workPhone='null'}, ContactData{id=155, firstName='Boris`', lastName='Tramp`', homePhone='null', mobilePhone='null', workPhone='null'}, ContactData{id=153, firstName='Boris', lastName='Tramp`', homePhone='null', mobilePhone='null', workPhone='null'}, ContactData{id=158, firstName='Boris`', lastName='Tramp`', homePhone='null', mobilePhone='null', workPhone='null'}, ContactData{id=160, firstName='Tramp', lastName='Boris', homePhone='null', mobilePhone='null', workPhone='null'}, ContactData{id=157, firstName='Boris', lastName='Tramp', homePhone='null', mobilePhone='null', workPhone='null'}]&gt;
     but: was &lt;[ContactData{id=159, firstName='Boris`', lastName='Tramp`', homePhone='null', mobilePhone='null', workPhone='null'}, ContactData{id=154, firstName='One', lastName='Mackaley', homePhone='null', mobilePhone='null', workPhone='null'}, ContactData{id=160, firstName='Boris', lastName='Tramp', homePhone='null', mobilePhone='null', workPhone='null'}, ContactData{id=152, firstName='Boris', lastName='Tramp', homePhone='null', mobilePhone='null', workPhone='null'}, ContactData{id=156, firstName='Boris', lastName='Tramp', homePhone='null', mobilePhone='null', workPhone='null'}, ContactData{id=155, firstName='Boris`', lastName='Tramp`', homePhone='null', mobilePhone='null', workPhone='null'}, ContactData{id=153, firstName='Boris', lastName='Tramp`', homePhone='null', mobilePhone='null', workPhone='null'}, ContactData{id=158, firstName='Boris`', lastName='Tramp`', homePhone='null', mobilePhone='null', workPhone='null'}, ContactData{id=157, firstName='Boris', lastName='Tramp', homePhone='null', mobilePhone='null', workPhone='null'}]&gt;
	at org.hamcrest.MatcherAssert.assertThat(MatcherAssert.java:20)
	at org.hamcrest.MatcherAssert.assertThat(MatcherAssert.java:6)
	at ru.stqa.pft.addressbook.tests.ContactCreationTests.pageAddNewContact(ContactCreationTests.java:26)
	at java.base/jdk.internal.reflect.NativeMethodAccessorImpl.invoke0(Native Method)
	at java.base/jdk.internal.reflect.NativeMethodAccessorImpl.invoke(NativeMethodAccessorImpl.java:64)
	at java.base/jdk.internal.reflect.DelegatingMethodAccessorImpl.invoke(DelegatingMethodAccessorImpl.java:43)
	at java.base/java.lang.reflect.Method.invoke(Method.java:564)
	at org.testng.internal.MethodInvocationHelper.invokeMethod(MethodInvocationHelper.java:133)
	at org.testng.internal.TestInvoker.invokeMethod(TestInvoker.java:598)
	at org.testng.internal.TestInvoker.invokeTestMethod(TestInvoker.java:173)
	at org.testng.internal.MethodRunner.runInSequence(MethodRunner.java:46)
	at org.testng.internal.TestInvoker$MethodInvocationAgent.invoke(TestInvoker.java:824)
	at org.testng.internal.TestInvoker.invokeTestMethods(TestInvoker.java:146)
	at org.testng.internal.TestMethodWorker.invokeTestMethods(TestMethodWorker.java:146)
	at org.testng.internal.TestMethodWorker.run(TestMethodWorker.java:128)
	at java.base/java.util.ArrayList.forEach(ArrayList.java:1511)
	at org.testng.TestRunner.privateRun(TestRunner.java:794)
	at org.testng.TestRunner.run(TestRunner.java:596)
	at org.testng.SuiteRunner.runTest(SuiteRunner.java:377)
	at org.testng.SuiteRunner.runSequentially(SuiteRunner.java:371)
	at org.testng.SuiteRunner.privateRun(SuiteRunner.java:332)
	at org.testng.SuiteRunner.run(SuiteRunner.java:276)
	at org.testng.SuiteRunnerWorker.runSuite(SuiteRunnerWorker.java:53)
	at org.testng.SuiteRunnerWorker.run(SuiteRunnerWorker.java:96)
	at org.testng.TestNG.runSuitesSequentially(TestNG.java:1212)
	at org.testng.TestNG.runSuitesLocally(TestNG.java:1134)
	at org.testng.TestNG.runSuites(TestNG.java:1063)
	at org.testng.TestNG.run(TestNG.java:1031)
	at org.gradle.api.internal.tasks.testing.testng.TestNGTestClassProcessor.runTests(TestNGTestClassProcessor.java:141)
	at org.gradle.api.internal.tasks.testing.testng.TestNGTestClassProcessor.stop(TestNGTestClassProcessor.java:90)
	at org.gradle.api.internal.tasks.testing.SuiteTestClassProcessor.stop(SuiteTestClassProcessor.java:61)
	at java.base/jdk.internal.reflect.NativeMethodAccessorImpl.invoke0(Native Method)
	at java.base/jdk.internal.reflect.NativeMethodAccessorImpl.invoke(NativeMethodAccessorImpl.java:64)
	at java.base/jdk.internal.reflect.DelegatingMethodAccessorImpl.invoke(DelegatingMethodAccessorImpl.java:43)
	at java.base/java.lang.reflect.Method.invoke(Method.java:564)
	at org.gradle.internal.dispatch.ReflectionDispatch.dispatch(ReflectionDispatch.java:36)
	at org.gradle.internal.dispatch.ReflectionDispatch.dispatch(ReflectionDispatch.java:24)
	at org.gradle.internal.dispatch.ContextClassLoaderDispatch.dispatch(ContextClassLoaderDispatch.java:33)
	at org.gradle.internal.dispatch.ProxyDispatchAdapter$DispatchingInvocationHandler.invoke(ProxyDispatchAdapter.java:94)
	at com.sun.proxy.$Proxy2.stop(Unknown Source)
	at org.gradle.api.internal.tasks.testing.worker.TestWorker.stop(TestWorker.java:133)
	at java.base/jdk.internal.reflect.NativeMethodAccessorImpl.invoke0(Native Method)
	at java.base/jdk.internal.reflect.NativeMethodAccessorImpl.invoke(NativeMethodAccessorImpl.java:64)
	at java.base/jdk.internal.reflect.DelegatingMethodAccessorImpl.invoke(DelegatingMethodAccessorImpl.java:43)
	at java.base/java.lang.reflect.Method.invoke(Method.java:564)
	at org.gradle.internal.dispatch.ReflectionDispatch.dispatch(ReflectionDispatch.java:36)
	at org.gradle.internal.dispatch.ReflectionDispatch.dispatch(ReflectionDispatch.java:24)
	at org.gradle.internal.remote.internal.hub.MessageHubBackedObjectConnection$DispatchWrapper.dispatch(MessageHubBackedObjectConnection.java:182)
	at org.gradle.internal.remote.internal.hub.MessageHubBackedObjectConnection$DispatchWrapper.dispatch(MessageHubBackedObjectConnection.java:164)
	at org.gradle.internal.remote.internal.hub.MessageHub$Handler.run(MessageHub.java:414)
	at org.gradle.internal.concurrent.ExecutorPolicy$CatchAndRecordFailures.onExecute(ExecutorPolicy.java:64)
	at org.gradle.internal.concurrent.ManagedExecutorImpl$1.run(ManagedExecutorImpl.java:48)
	at java.base/java.util.concurrent.ThreadPoolExecutor.runWorker(ThreadPoolExecutor.java:1130)
	at java.base/java.util.concurrent.ThreadPoolExecutor$Worker.run(ThreadPoolExecutor.java:630)
	at org.gradle.internal.concurrent.ThreadFactoryImpl$ManagedThreadRunnable.run(ThreadFactoryImpl.java:56)
	at java.base/java.lang.Thread.run(Thread.java:832)
</failure>
  </testcase>
  <system-out><![CDATA[]]></system-out>
  <system-err><![CDATA[console.log: WebExtensions: reset-default-search: No addons in our list are installed.
]]></system-err>
</testsuite>
